#
# There is insufficient memory for the Java Runtime Environment to continue.
# Native memory allocation (malloc) failed to allocate 1048576 bytes for AllocateHeap
# Possible reasons:
#   The system is out of physical RAM or swap space
#   In 32 bit mode, the process size limit was hit
# Possible solutions:
#   Reduce memory load on the system
#   Increase physical memory or swap space
#   Check if swap backing store is full
#   Use 64 bit Java on a 64 bit OS
#   Decrease Java heap size (-Xmx/-Xms)
#   Decrease number of Java threads
#   Decrease Java thread stack sizes (-Xss)
#   Set larger code cache with -XX:ReservedCodeCacheSize=
# This output file may be truncated or incomplete.
#
#  Out of Memory Error (memory/allocation.inline.hpp:61), pid=5764, tid=0x0000000000000f48
#
# JRE version:  (8.0_131-b11) (build )
# Java VM: Java HotSpot(TM) 64-Bit Server VM (25.131-b11 mixed mode windows-amd64 compressed oops)
# Failed to write core dump. Minidumps are not enabled by default on client versions of Windows
#

---------------  T H R E A D  ---------------

Current thread (0x0000000002b17000):  JavaThread "Unknown thread" [_thread_in_vm, id=3912, stack(0x0000000002a10000,0x0000000002b10000)]

Stack: [0x0000000002a10000,0x0000000002b10000]
[error occurred during error reporting (printing stack bounds), id 0xc0000005]

Native frames: (J=compiled Java code, j=interpreted, Vv=VM code, C=native code)


---------------  P R O C E S S  ---------------

Java Threads: ( => current thread )

Other Threads:

=>0x0000000002b17000 (exited) JavaThread "Unknown thread" [_thread_in_vm, id=3912, stack(0x0000000002a10000,0x0000000002b10000)]

VM state:not at safepoint (normal execution)

VM Mutex/Monitor currently owned by a thread: None

Heap:
 PSYoungGen      total 38400K, used 665K [0x00000000d5f80000, 0x00000000d8a00000, 0x0000000100000000)
  eden space 33280K, 2% used [0x00000000d5f80000,0x00000000d6026670,0x00000000d8000000)
  from space 5120K, 0% used [0x00000000d8500000,0x00000000d8500000,0x00000000d8a00000)
  to   space 5120K, 0% used [0x00000000d8000000,0x00000000d8000000,0x00000000d8500000)
 ParOldGen       total 87552K, used 0K [0x0000000081e00000, 0x0000000087380000, 0x00000000d5f80000)
  object space 87552K, 0% used [0x0000000081e00000,0x0000000081e00000,0x0000000087380000)
 Metaspace       used 770K, capacity 4480K, committed 4480K, reserved 1056768K
  class space    used 75K, capacity 384K, committed 384K, reserved 1048576K

Card table byte_map: [0x00000000120d0000,0x00000000124d0000] byte_map_base: 0x0000000011cc1000

Marking Bits: (ParMarkBitMap*) 0x00000000766dc720
 Begin Bits: [0x0000000012f80000, 0x0000000014f08000)
 End Bits:   [0x0000000014f08000, 0x0000000016e90000)

Polling page: 0x0000000002440000

CodeCache: size=245760Kb used=328Kb max_used=328Kb free=245431Kb
 bounds [0x0000000002d10000, 0x0000000002f80000, 0x0000000011d10000]
 total_blobs=58 nmethods=0 adapters=38
 compilation: enabled

Compilation events (0 events):
No events

GC Heap History (0 events):
No events

Deoptimization events (0 events):
No events

Internal exceptions (0 events):
No events

Events (10 events):
Event: 0.527 loading class java/lang/Short
Event: 0.527 loading class java/lang/Short done
Event: 0.527 loading class java/lang/Integer
Event: 0.527 loading class java/lang/Integer done
Event: 0.527 loading class java/lang/Long
Event: 0.527 loading class java/lang/Long done
Event: 0.527 loading class java/lang/NullPointerException
Event: 0.527 loading class java/lang/NullPointerException done
Event: 0.527 loading class java/lang/ArithmeticException
Event: 0.527 loading class java/lang/ArithmeticException done


Dynamic libraries:
0x00007ff7fa1b0000 - 0x00007ff7fa1e7000 	D:\Program Files\Java\jdk1.8.0_131\bin\java.exe
0x00007ffff2230000 - 0x00007ffff2425000 	C:\WINDOWS\SYSTEM32\ntdll.dll
0x00007ffff1bc0000 - 0x00007ffff1c7e000 	C:\WINDOWS\System32\KERNEL32.DLL
0x00007fffefae0000 - 0x00007fffefda8000 	C:\WINDOWS\System32\KERNELBASE.dll
0x00007ffff0650000 - 0x00007ffff06fe000 	C:\WINDOWS\System32\ADVAPI32.dll
0x00007ffff14b0000 - 0x00007ffff154e000 	C:\WINDOWS\System32\msvcrt.dll
0x00007ffff1830000 - 0x00007ffff18cc000 	C:\WINDOWS\System32\sechost.dll
0x00007ffff18e0000 - 0x00007ffff1a05000 	C:\WINDOWS\System32\RPCRT4.dll
0x00007ffff1a20000 - 0x00007ffff1bc0000 	C:\WINDOWS\System32\USER32.dll
0x00007fffef950000 - 0x00007fffef972000 	C:\WINDOWS\System32\win32u.dll
0x00007ffff1ce0000 - 0x00007ffff1d0a000 	C:\WINDOWS\System32\GDI32.dll
0x00007ffff0000000 - 0x00007ffff010b000 	C:\WINDOWS\System32\gdi32full.dll
0x00007ffff01c0000 - 0x00007ffff025d000 	C:\WINDOWS\System32\msvcp_win.dll
0x00007fffefdb0000 - 0x00007fffefeb0000 	C:\WINDOWS\System32\ucrtbase.dll
0x00007fffdadd0000 - 0x00007fffdb06a000 	C:\WINDOWS\WinSxS\amd64_microsoft.windows.common-controls_6595b64144ccf1df_6.0.19041.1110_none_60b5254171f9507e\COMCTL32.dll
0x00007ffff0f30000 - 0x00007ffff0f60000 	C:\WINDOWS\System32\IMM32.DLL
0x0000000076760000 - 0x0000000076832000 	D:\Program Files\Java\jdk1.8.0_131\jre\bin\msvcr100.dll
0x0000000075ec0000 - 0x000000007675c000 	D:\Program Files\Java\jdk1.8.0_131\jre\bin\server\jvm.dll
0x00007ffff13d0000 - 0x00007ffff13d8000 	C:\WINDOWS\System32\PSAPI.DLL
0x00007fffea280000 - 0x00007fffea289000 	C:\WINDOWS\SYSTEM32\WSOCK32.dll
0x00007fffdb220000 - 0x00007fffdb247000 	C:\WINDOWS\SYSTEM32\WINMM.dll
0x00007fffe9920000 - 0x00007fffe992a000 	C:\WINDOWS\SYSTEM32\VERSION.dll
0x00007ffff1740000 - 0x00007ffff17ab000 	C:\WINDOWS\System32\WS2_32.dll
0x0000000050d90000 - 0x0000000050d9f000 	D:\Program Files\Java\jdk1.8.0_131\jre\bin\verify.dll
0x0000000050d60000 - 0x0000000050d89000 	D:\Program Files\Java\jdk1.8.0_131\jre\bin\java.dll
0x0000000077220000 - 0x0000000077243000 	D:\Program Files\Java\jdk1.8.0_131\jre\bin\instrument.dll
0x0000000050400000 - 0x0000000050416000 	D:\Program Files\Java\jdk1.8.0_131\jre\bin\zip.dll

VM Arguments:
jvm_args: -XX:TieredStopAtLevel=1 -Xverify:none -Dspring.output.ansi.enabled=always -Dcom.sun.management.jmxremote -Dspring.jmx.enabled=true -Dspring.liveBeansView.mbeanDomain -Dspring.application.admin.enabled=true -javaagent:F:\intellij IDEA\IntelliJ IDEA 2020.1\lib\idea_rt.jar=53348:F:\intellij IDEA\IntelliJ IDEA 2020.1\bin -Dfile.encoding=UTF-8 
java_command: com.xxx.server.BsApplication
java_class_path (initial): D:\Program Files\Java\jdk1.8.0_131\jre\lib\charsets.jar;D:\Program Files\Java\jdk1.8.0_131\jre\lib\deploy.jar;D:\Program Files\Java\jdk1.8.0_131\jre\lib\ext\access-bridge-64.jar;D:\Program Files\Java\jdk1.8.0_131\jre\lib\ext\cldrdata.jar;D:\Program Files\Java\jdk1.8.0_131\jre\lib\ext\dnsns.jar;D:\Program Files\Java\jdk1.8.0_131\jre\lib\ext\jaccess.jar;D:\Program Files\Java\jdk1.8.0_131\jre\lib\ext\jfxrt.jar;D:\Program Files\Java\jdk1.8.0_131\jre\lib\ext\localedata.jar;D:\Program Files\Java\jdk1.8.0_131\jre\lib\ext\mysql-connector-java-5.1.40-bin.jar;D:\Program Files\Java\jdk1.8.0_131\jre\lib\ext\nashorn.jar;D:\Program Files\Java\jdk1.8.0_131\jre\lib\ext\sunec.jar;D:\Program Files\Java\jdk1.8.0_131\jre\lib\ext\sunjce_provider.jar;D:\Program Files\Java\jdk1.8.0_131\jre\lib\ext\sunmscapi.jar;D:\Program Files\Java\jdk1.8.0_131\jre\lib\ext\sunpkcs11.jar;D:\Program Files\Java\jdk1.8.0_131\jre\lib\ext\zipfs.jar;D:\Program Files\Java\jdk1.8.0_131\jre\lib\javaws.jar;D:\Program Files\Java\jdk1.8.0_131\jre\lib\jce.jar;D:\Program Files\Java\jdk1.8.0_131\jre\lib\jfr.jar;D:\Program Files\Java\jdk1.8.0_131\jre\lib\jfxswt.jar;D:\Program Files\Java\jdk1.8.0_131\jre\lib\jsse.jar;D:\Program Files\Java\jdk1.8.0_131\jre\lib\management-agent.jar;D:\Program Files\Java\jdk1.8.0_131\jre\lib\plugin.jar;D:\Program Files\Java\jdk1.8.0_131\jre\lib\resources.jar;D:\Program Files\Java\jdk1.8.0_131\jre\lib\rt.jar;G:\project\bs\bs-server\target\classes;G:\Maven\LocalWarehouse\org\springframework\boot\spring-boot-starter-web\2.3.0.RELEASE\spring-boot-starter-web-2.3.0.RELEASE.jar;G:\Maven\LocalWarehouse\org\springframework\boot\spring-boot-starter\2.3.0.RELEASE\spring-boot-starter-2.3.0.RELEASE.jar;G:\Maven\LocalWarehouse\org\springframework\boot\spring-boot\2.3.0.RELEASE\spring-boot-2.3.0.RELEASE.jar;G:\Maven\LocalWarehouse\org\springframework\boot\spring-boot-starter-logging\2.3.0.RELEASE\spring-boot-starter-logging-2.3.0.RELEASE.jar;G:\Maven\LocalWarehouse\ch\qos\logb
Launcher Type: SUN_STANDARD

Environment Variables:
JAVA_HOME=D:\Program Files\Java\jdk1.8.0_131
CLASSPATH=.;D:\Program Files\Java\jdk1.8.0_131\lib\dt.jar;D:\Program Files\Java\jdk1.8.0_131\lib\tools.jar
PATH=C:\ProgramData\Oracle\Java\javapath;D:\Program Files\Java\jdk1.8.0_131\bin;C:\Program Files (x86)\Common Files\Oracle\Java\javapath;C:\Program Files (x86)\Intel\Intel(R) Management Engine Components\iCLS\;C:\Program Files\Intel\Intel(R) Management Engine Components\iCLS\;C:\Windows\system32;C:\Windows;C:\Windows\System32\Wbem;C:\Windows\System32\WindowsPowerShell\v1.0\;C:\Windows\System32\OpenSSH\;C:\Program Files (x86)\Intel\Intel(R) Management Engine Components\DAL;C:\Program Files\Intel\Intel(R) Management Engine Components\DAL;C:\Program Files (x86)\Intel\Intel(R) Management Engine Components\IPT;C:\Program Files\Intel\Intel(R) Management Engine Components\IPT;C:\Program Files (x86)\NVIDIA Corporation\PhysX\Common;C:\Program Files\dotnet\;C:\Program Files\Microsoft SQL Server\130\Tools\Binn\;C:\Program Files\NVIDIA Corporation\NVIDIA NvDLISR;C:\WINDOWS\system32;C:\WINDOWS;C:\WINDOWS\System32\Wbem;C:\WINDOWS\System32\WindowsPowerShell\v1.0\;C:\WINDOWS\System32\OpenSSH\;"D:\Program Files\Java\jdk1.8.0_131\bin;D:\Program Files\Java\jdk1.8.0_131\jre\bin;";"D:\apache-tomcat-8.5.54\bin;D:\apache-tomcat-8.5.54\lib";F:\anacoda\Scripts;F:\python\Scripts;C:\Program Files (x86)\GtkSharp\2.12\bin;D:\vue\Node.js\;G:\Maven\apache-maven-3.8.4\bin;E:\rose\rose\common;C:\Program Files\Git\cmd;G:\Maven\apache-maven-3.8.4\bin;C:\Users\x2634\AppData\Local\Programs\Python\Python38\Scripts\;C:\Users\x2634\AppData\Local\Programs\Python\Python38\;F:\python;F:\python\Library\mingw-w64\bin;F:\python\Library\usr\bin;F:\python\Library\bin;F:\python\Scripts;%USERPROFILE%\AppData\Local\Microsoft\WindowsApps;C:\Program Files\Bandizip\;%PyCharm Community Edition%;E:\Microsoft VS Code\bin;C:\Users\x2634\AppData\Roaming\npm;F:\QQGameTempest\Hall.57768\
USERNAME=x2634
OS=Windows_NT
PROCESSOR_IDENTIFIER=Intel64 Family 6 Model 158 Stepping 10, GenuineIntel



---------------  S Y S T E M  ---------------

OS: Windows 10.0 , 64 bit Build 19041 (10.0.19041.1645)

CPU:total 8 (initial active 8) (4 cores per cpu, 2 threads per core) family 6 model 158 stepping 10, cmov, cx8, fxsr, mmx, sse, sse2, sse3, ssse3, sse4.1, sse4.2, popcnt, avx, avx2, aes, clmul, erms, 3dnowpref, lzcnt, ht, tsc, tscinvbit, bmi1, bmi2, adx

Memory: 4k page, physical 8259892k(424360k free), swap 25037108k(4640k free)

vm_info: Java HotSpot(TM) 64-Bit Server VM (25.131-b11) for windows-amd64 JRE (1.8.0_131-b11), built on Mar 15 2017 01:23:53 by "java_re" with MS VC++ 10.0 (VS2010)

time: Tue Apr 19 18:09:17 2022
elapsed time: 0 seconds (0d 0h 0m 0s)

